<?xml version="1.0" encoding="UTF-8"?>
<!-- Generated by org.testng.reporters.JUnitReportReporter -->
<testsuite skipped="0" hostname="LAPTOP-6T3VDFFF" name="TestScripts.RegressionTest" tests="1" failures="0" timestamp="2020-04-20T10:00:19 IST" time="21.964" errors="0">
  <testcase name="verifyLogoutfromDeductionpage" time="21.964" classname="TestScripts.RegressionTest"/>
</testsuite> <!-- TestScripts.RegressionTest -->
